2020-11-10 18:07:00.881  INFO 16324 --- [restartedMain] c.d.c.bgpoint.cse.BgpointCSEApplication  : No active profile set, falling back to default profiles: default
2020-11-10 18:07:00.947  INFO 16324 --- [restartedMain] ationConfigEmbeddedWebApplicationContext : Refreshing org.springframework.boot.context.embedded.AnnotationConfigEmbeddedWebApplicationContext@5256e365: startup date [Tue Nov 10 18:07:00 IST 2020]; parent: org.springframework.context.annotation.AnnotationConfigApplicationContext@3b3981e9
2020-11-10 18:07:06.212  INFO 16324 --- [restartedMain] o.s.cloud.context.scope.GenericScope     : BeanFactory id=73e55ce2-eb00-3cb6-8508-09eb8d24ac12
2020-11-10 18:07:06.285  INFO 16324 --- [restartedMain] f.a.AutowiredAnnotationBeanPostProcessor : JSR-330 'javax.inject.Inject' annotation found and supported for autowiring
2020-11-10 18:07:06.598  INFO 16324 --- [restartedMain] trationDelegate$BeanPostProcessorChecker : Bean 'org.springframework.transaction.annotation.ProxyTransactionManagementConfiguration' of type [org.springframework.transaction.annotation.ProxyTransactionManagementConfiguration$$EnhancerBySpringCGLIB$$53691e20] is not eligible for getting processed by all BeanPostProcessors (for example: not eligible for auto-proxying)
2020-11-10 18:07:06.896  INFO 16324 --- [restartedMain] trationDelegate$BeanPostProcessorChecker : Bean 'org.springframework.cloud.netflix.metrics.MetricsInterceptorConfiguration$MetricsRestTemplateConfiguration' of type [org.springframework.cloud.netflix.metrics.MetricsInterceptorConfiguration$MetricsRestTemplateConfiguration$$EnhancerBySpringCGLIB$$8595c461] is not eligible for getting processed by all BeanPostProcessors (for example: not eligible for auto-proxying)
2020-11-10 18:07:06.947  INFO 16324 --- [restartedMain] trationDelegate$BeanPostProcessorChecker : Bean 'org.springframework.cloud.autoconfigure.ConfigurationPropertiesRebinderAutoConfiguration' of type [org.springframework.cloud.autoconfigure.ConfigurationPropertiesRebinderAutoConfiguration$$EnhancerBySpringCGLIB$$6f83211d] is not eligible for getting processed by all BeanPostProcessors (for example: not eligible for auto-proxying)
2020-11-10 18:07:09.008  INFO 16324 --- [restartedMain] s.b.c.e.t.TomcatEmbeddedServletContainer : Tomcat initialized with port(s): 9090 (http)
2020-11-10 18:07:09.084  INFO 16324 --- [restartedMain] o.apache.catalina.core.StandardService   : Starting service [Tomcat]
2020-11-10 18:07:09.085  INFO 16324 --- [restartedMain] org.apache.catalina.core.StandardEngine  : Starting Servlet Engine: Apache Tomcat/8.5.34
2020-11-10 18:07:09.423  INFO 16324 --- [localhost-startStop-1] o.a.c.c.C.[Tomcat].[localhost].[/]       : Initializing Spring embedded WebApplicationContext
2020-11-10 18:07:09.424  INFO 16324 --- [localhost-startStop-1] o.s.web.context.ContextLoader            : Root WebApplicationContext: initialization completed in 8477 ms
2020-11-10 18:07:10.799  INFO 16324 --- [localhost-startStop-1] o.s.b.w.servlet.FilterRegistrationBean   : Mapping filter: 'metricsFilter' to: [/*]
2020-11-10 18:07:10.800  INFO 16324 --- [localhost-startStop-1] o.s.b.w.servlet.FilterRegistrationBean   : Mapping filter: 'characterEncodingFilter' to: [/*]
2020-11-10 18:07:10.801  INFO 16324 --- [localhost-startStop-1] o.s.b.w.servlet.FilterRegistrationBean   : Mapping filter: 'hiddenHttpMethodFilter' to: [/*]
2020-11-10 18:07:10.801  INFO 16324 --- [localhost-startStop-1] o.s.b.w.servlet.FilterRegistrationBean   : Mapping filter: 'httpPutFormContentFilter' to: [/*]
2020-11-10 18:07:10.802  INFO 16324 --- [localhost-startStop-1] o.s.b.w.servlet.FilterRegistrationBean   : Mapping filter: 'requestContextFilter' to: [/*]
2020-11-10 18:07:10.804  INFO 16324 --- [localhost-startStop-1] .s.DelegatingFilterProxyRegistrationBean : Mapping filter: 'springSecurityFilterChain' to: [/*]
2020-11-10 18:07:10.804  INFO 16324 --- [localhost-startStop-1] o.s.b.w.servlet.FilterRegistrationBean   : Mapping filter: 'webRequestLoggingFilter' to: [/*]
2020-11-10 18:07:10.805  INFO 16324 --- [localhost-startStop-1] o.s.b.w.servlet.FilterRegistrationBean   : Mapping filter: 'applicationContextIdFilter' to: [/*]
2020-11-10 18:07:10.806  INFO 16324 --- [localhost-startStop-1] o.s.b.w.servlet.ServletRegistrationBean  : Mapping servlet: 'dispatcherServlet' to [/]
2020-11-10 18:07:13.651  INFO 16324 --- [restartedMain] j.LocalContainerEntityManagerFactoryBean : Building JPA container EntityManagerFactory for persistence unit 'default'
2020-11-10 18:07:13.690  INFO 16324 --- [restartedMain] o.hibernate.jpa.internal.util.LogHelper  : HHH000204: Processing PersistenceUnitInfo [
	name: default
	...]
2020-11-10 18:07:13.911  INFO 16324 --- [restartedMain] org.hibernate.Version                    : HHH000412: Hibernate Core {5.0.12.Final}
2020-11-10 18:07:13.915  INFO 16324 --- [restartedMain] org.hibernate.cfg.Environment            : HHH000206: hibernate.properties not found
2020-11-10 18:07:13.919  INFO 16324 --- [restartedMain] org.hibernate.cfg.Environment            : HHH000021: Bytecode provider name : javassist
2020-11-10 18:07:14.045  INFO 16324 --- [restartedMain] o.hibernate.annotations.common.Version   : HCANN000001: Hibernate Commons Annotations {5.0.1.Final}
2020-11-10 18:07:14.414  INFO 16324 --- [restartedMain] org.hibernate.dialect.Dialect            : HHH000400: Using dialect: org.hibernate.dialect.MySQL5InnoDBDialect
2020-11-10 18:07:16.153  INFO 16324 --- [restartedMain] org.hibernate.tool.hbm2ddl.SchemaUpdate  : HHH000228: Running hbm2ddl schema update
2020-11-10 18:07:18.108  INFO 16324 --- [restartedMain] j.LocalContainerEntityManagerFactoryBean : Initialized JPA EntityManagerFactory for persistence unit 'default'
2020-11-10 18:07:21.092  WARN 16324 --- [restartedMain] ationConfigEmbeddedWebApplicationContext : Exception encountered during context initialization - cancelling refresh attempt: org.springframework.beans.factory.BeanCreationException: Error creating bean with name 'jpaAuditingHandler': Cannot create inner bean '(inner bean)#bfc5d98' of type [org.springframework.aop.framework.ProxyFactoryBean] while setting bean property 'auditorAware'; nested exception is org.springframework.beans.factory.BeanCreationException: Error creating bean with name '(inner bean)#bfc5d98': Cannot create inner bean '(inner bean)#74b4b49b' of type [org.springframework.aop.target.LazyInitTargetSource] while setting bean property 'targetSource'; nested exception is org.springframework.beans.factory.BeanCreationException: Error creating bean with name '(inner bean)#74b4b49b': Initialization of bean failed; nested exception is org.springframework.beans.factory.NoSuchBeanDefinitionException: No bean named 'springSecurityAuditorAware' available
2020-11-10 18:07:21.096  INFO 16324 --- [restartedMain] j.LocalContainerEntityManagerFactoryBean : Closing JPA EntityManagerFactory for persistence unit 'default'
2020-11-10 18:07:21.119  INFO 16324 --- [restartedMain] o.apache.catalina.core.StandardService   : Stopping service [Tomcat]
2020-11-10 18:07:21.188  INFO 16324 --- [restartedMain] utoConfigurationReportLoggingInitializer : 

Error starting ApplicationContext. To display the auto-configuration report re-run your application with 'debug' enabled.
2020-11-10 18:07:21.693 ERROR 16324 --- [restartedMain] o.s.b.d.LoggingFailureAnalysisReporter   : 

***************************
APPLICATION FAILED TO START
***************************

Description:

A component required a bean named 'springSecurityAuditorAware' that could not be found.


Action:

Consider defining a bean named 'springSecurityAuditorAware' in your configuration.

2020-11-10 18:08:41.755  INFO 2084 --- [restartedMain] c.d.c.bgpoint.cse.BgpointCSEApplication  : No active profile set, falling back to default profiles: default
2020-11-10 18:08:41.955  INFO 2084 --- [restartedMain] ationConfigEmbeddedWebApplicationContext : Refreshing org.springframework.boot.context.embedded.AnnotationConfigEmbeddedWebApplicationContext@639904b0: startup date [Tue Nov 10 18:08:41 IST 2020]; parent: org.springframework.context.annotation.AnnotationConfigApplicationContext@65fb7ae9
2020-11-10 18:08:46.888  INFO 2084 --- [restartedMain] o.s.cloud.context.scope.GenericScope     : BeanFactory id=73e55ce2-eb00-3cb6-8508-09eb8d24ac12
2020-11-10 18:08:46.973  INFO 2084 --- [restartedMain] f.a.AutowiredAnnotationBeanPostProcessor : JSR-330 'javax.inject.Inject' annotation found and supported for autowiring
2020-11-10 18:08:47.289  INFO 2084 --- [restartedMain] trationDelegate$BeanPostProcessorChecker : Bean 'org.springframework.transaction.annotation.ProxyTransactionManagementConfiguration' of type [org.springframework.transaction.annotation.ProxyTransactionManagementConfiguration$$EnhancerBySpringCGLIB$$3985082] is not eligible for getting processed by all BeanPostProcessors (for example: not eligible for auto-proxying)
2020-11-10 18:08:47.693  INFO 2084 --- [restartedMain] trationDelegate$BeanPostProcessorChecker : Bean 'org.springframework.cloud.netflix.metrics.MetricsInterceptorConfiguration$MetricsRestTemplateConfiguration' of type [org.springframework.cloud.netflix.metrics.MetricsInterceptorConfiguration$MetricsRestTemplateConfiguration$$EnhancerBySpringCGLIB$$35c4f6c3] is not eligible for getting processed by all BeanPostProcessors (for example: not eligible for auto-proxying)
2020-11-10 18:08:47.743  INFO 2084 --- [restartedMain] trationDelegate$BeanPostProcessorChecker : Bean 'org.springframework.cloud.autoconfigure.ConfigurationPropertiesRebinderAutoConfiguration' of type [org.springframework.cloud.autoconfigure.ConfigurationPropertiesRebinderAutoConfiguration$$EnhancerBySpringCGLIB$$1fb2537f] is not eligible for getting processed by all BeanPostProcessors (for example: not eligible for auto-proxying)
2020-11-10 18:08:50.270  INFO 2084 --- [restartedMain] s.b.c.e.t.TomcatEmbeddedServletContainer : Tomcat initialized with port(s): 9090 (http)
2020-11-10 18:08:50.411  INFO 2084 --- [restartedMain] o.apache.catalina.core.StandardService   : Starting service [Tomcat]
2020-11-10 18:08:50.411  INFO 2084 --- [restartedMain] org.apache.catalina.core.StandardEngine  : Starting Servlet Engine: Apache Tomcat/8.5.34
2020-11-10 18:08:50.959  INFO 2084 --- [localhost-startStop-1] o.a.c.c.C.[Tomcat].[localhost].[/]       : Initializing Spring embedded WebApplicationContext
2020-11-10 18:08:50.975  INFO 2084 --- [localhost-startStop-1] o.s.web.context.ContextLoader            : Root WebApplicationContext: initialization completed in 9020 ms
2020-11-10 18:08:51.809  INFO 2084 --- [localhost-startStop-1] o.s.b.w.servlet.FilterRegistrationBean   : Mapping filter: 'metricsFilter' to: [/*]
2020-11-10 18:08:51.814  INFO 2084 --- [localhost-startStop-1] o.s.b.w.servlet.FilterRegistrationBean   : Mapping filter: 'characterEncodingFilter' to: [/*]
2020-11-10 18:08:51.814  INFO 2084 --- [localhost-startStop-1] o.s.b.w.servlet.FilterRegistrationBean   : Mapping filter: 'hiddenHttpMethodFilter' to: [/*]
2020-11-10 18:08:51.814  INFO 2084 --- [localhost-startStop-1] o.s.b.w.servlet.FilterRegistrationBean   : Mapping filter: 'httpPutFormContentFilter' to: [/*]
2020-11-10 18:08:51.814  INFO 2084 --- [localhost-startStop-1] o.s.b.w.servlet.FilterRegistrationBean   : Mapping filter: 'requestContextFilter' to: [/*]
2020-11-10 18:08:51.819  INFO 2084 --- [localhost-startStop-1] .s.DelegatingFilterProxyRegistrationBean : Mapping filter: 'springSecurityFilterChain' to: [/*]
2020-11-10 18:08:51.819  INFO 2084 --- [localhost-startStop-1] o.s.b.w.servlet.FilterRegistrationBean   : Mapping filter: 'webRequestLoggingFilter' to: [/*]
2020-11-10 18:08:51.819  INFO 2084 --- [localhost-startStop-1] o.s.b.w.servlet.FilterRegistrationBean   : Mapping filter: 'applicationContextIdFilter' to: [/*]
2020-11-10 18:08:51.819  INFO 2084 --- [localhost-startStop-1] o.s.b.w.servlet.ServletRegistrationBean  : Mapping servlet: 'dispatcherServlet' to [/]
2020-11-10 18:08:57.230  INFO 2084 --- [restartedMain] j.LocalContainerEntityManagerFactoryBean : Building JPA container EntityManagerFactory for persistence unit 'default'
2020-11-10 18:08:57.281  INFO 2084 --- [restartedMain] o.hibernate.jpa.internal.util.LogHelper  : HHH000204: Processing PersistenceUnitInfo [
	name: default
	...]
2020-11-10 18:08:58.378  INFO 2084 --- [restartedMain] org.hibernate.Version                    : HHH000412: Hibernate Core {5.0.12.Final}
2020-11-10 18:08:58.382  INFO 2084 --- [restartedMain] org.hibernate.cfg.Environment            : HHH000206: hibernate.properties not found
2020-11-10 18:08:58.382  INFO 2084 --- [restartedMain] org.hibernate.cfg.Environment            : HHH000021: Bytecode provider name : javassist
2020-11-10 18:08:58.537  INFO 2084 --- [restartedMain] o.hibernate.annotations.common.Version   : HCANN000001: Hibernate Commons Annotations {5.0.1.Final}
2020-11-10 18:08:58.925  INFO 2084 --- [restartedMain] org.hibernate.dialect.Dialect            : HHH000400: Using dialect: org.hibernate.dialect.MySQL5InnoDBDialect
2020-11-10 18:09:00.296  INFO 2084 --- [restartedMain] org.hibernate.tool.hbm2ddl.SchemaUpdate  : HHH000228: Running hbm2ddl schema update
2020-11-10 18:09:02.276  INFO 2084 --- [restartedMain] j.LocalContainerEntityManagerFactoryBean : Initialized JPA EntityManagerFactory for persistence unit 'default'
2020-11-10 18:09:04.751  WARN 2084 --- [restartedMain] ationConfigEmbeddedWebApplicationContext : Exception encountered during context initialization - cancelling refresh attempt: org.springframework.beans.factory.BeanCreationException: Error creating bean with name 'jpaAuditingHandler': Cannot create inner bean '(inner bean)#381558be' of type [org.springframework.aop.framework.ProxyFactoryBean] while setting bean property 'auditorAware'; nested exception is org.springframework.beans.factory.BeanCreationException: Error creating bean with name '(inner bean)#381558be': Cannot create inner bean '(inner bean)#477ebb81' of type [org.springframework.aop.target.LazyInitTargetSource] while setting bean property 'targetSource'; nested exception is org.springframework.beans.factory.BeanCreationException: Error creating bean with name '(inner bean)#477ebb81': Initialization of bean failed; nested exception is org.springframework.beans.factory.NoSuchBeanDefinitionException: No bean named 'ChequeBookAuditor' available
2020-11-10 18:09:04.761  INFO 2084 --- [restartedMain] j.LocalContainerEntityManagerFactoryBean : Closing JPA EntityManagerFactory for persistence unit 'default'
2020-11-10 18:09:04.802  INFO 2084 --- [restartedMain] o.apache.catalina.core.StandardService   : Stopping service [Tomcat]
2020-11-10 18:09:04.933  INFO 2084 --- [restartedMain] utoConfigurationReportLoggingInitializer : 

Error starting ApplicationContext. To display the auto-configuration report re-run your application with 'debug' enabled.
2020-11-10 18:09:05.862 ERROR 2084 --- [restartedMain] o.s.b.d.LoggingFailureAnalysisReporter   : 

***************************
APPLICATION FAILED TO START
***************************

Description:

A component required a bean named 'ChequeBookAuditor' that could not be found.


Action:

Consider defining a bean named 'ChequeBookAuditor' in your configuration.

